Detecting C compiler ABI info failed to compile with the following output:
Change Dir: /cygdrive/c/myfiles/MyClionProjects/untitled14/cmake-build-debug/CMakeFiles/CMakeTmp

Run Build Command(s):/cygdrive/c/Strawberry/c/bin/gmake.exe cmTC_7d17e/fast && C:/Strawberry/c/bin/gmake -f CMakeFiles/cmTC_7d17e.dir/build.make CMakeFiles/cmTC_7d17e.dir/build
gmake[1]: Entering directory 'C:/myfiles/MyClionProjects/untitled14/cmake-build-debug/CMakeFiles/CMakeTmp'
gmake[1]: *** No rule to make target '/cygdrive/c/Users/User/.CLion2019.3/system/cygwin_cmake/share/cmake-3.15.3/Modules/CMakeCCompilerABI.c', needed by 'CMakeFiles/cmTC_7d17e.dir/CMakeCCompilerABI.c.o'.  Stop.
gmake[1]: Leaving directory 'C:/myfiles/MyClionProjects/untitled14/cmake-build-debug/CMakeFiles/CMakeTmp'
makefile:121: recipe for target 'cmTC_7d17e/fast' failed
gmake: *** [cmTC_7d17e/fast] Error 2




Detecting CXX compiler ABI info failed to compile with the following output:
Change Dir: /cygdrive/c/myfiles/MyClionProjects/untitled14/cmake-build-debug/CMakeFiles/CMakeTmp

Run Build Command(s):/cygdrive/c/Strawberry/c/bin/gmake.exe cmTC_24ccd/fast && C:/Strawberry/c/bin/gmake -f CMakeFiles/cmTC_24ccd.dir/build.make CMakeFiles/cmTC_24ccd.dir/build
gmake[1]: Entering directory 'C:/myfiles/MyClionProjects/untitled14/cmake-build-debug/CMakeFiles/CMakeTmp'
gmake[1]: *** No rule to make target '/cygdrive/c/Users/User/.CLion2019.3/system/cygwin_cmake/share/cmake-3.15.3/Modules/CMakeCXXCompilerABI.cpp', needed by 'CMakeFiles/cmTC_24ccd.dir/CMakeCXXCompilerABI.cpp.o'.  Stop.
gmake[1]: Leaving directory 'C:/myfiles/MyClionProjects/untitled14/cmake-build-debug/CMakeFiles/CMakeTmp'
makefile:121: recipe for target 'cmTC_24ccd/fast' failed
gmake: *** [cmTC_24ccd/fast] Error 2




