Detecting C compiler ABI info failed to compile with the following output:
Change Dir: /cygdrive/c/myfiles/MyClionProjects/Rabbit/cmake-build-debug/CMakeFiles/CMakeTmp

Run Build Command(s):/cygdrive/c/Strawberry/c/bin/gmake.exe cmTC_87523/fast && C:/Strawberry/c/bin/gmake -f CMakeFiles/cmTC_87523.dir/build.make CMakeFiles/cmTC_87523.dir/build
gmake[1]: Entering directory 'C:/myfiles/MyClionProjects/Rabbit/cmake-build-debug/CMakeFiles/CMakeTmp'
gmake[1]: *** No rule to make target '/cygdrive/c/Users/User/.CLion2019.3/system/cygwin_cmake/share/cmake-3.15.3/Modules/CMakeCCompilerABI.c', needed by 'CMakeFiles/cmTC_87523.dir/CMakeCCompilerABI.c.o'.  Stop.
gmake[1]: Leaving directory 'C:/myfiles/MyClionProjects/Rabbit/cmake-build-debug/CMakeFiles/CMakeTmp'
makefile:121: recipe for target 'cmTC_87523/fast' failed
gmake: *** [cmTC_87523/fast] Error 2




Detecting CXX compiler ABI info failed to compile with the following output:
Change Dir: /cygdrive/c/myfiles/MyClionProjects/Rabbit/cmake-build-debug/CMakeFiles/CMakeTmp

Run Build Command(s):/cygdrive/c/Strawberry/c/bin/gmake.exe cmTC_bb267/fast && C:/Strawberry/c/bin/gmake -f CMakeFiles/cmTC_bb267.dir/build.make CMakeFiles/cmTC_bb267.dir/build
gmake[1]: Entering directory 'C:/myfiles/MyClionProjects/Rabbit/cmake-build-debug/CMakeFiles/CMakeTmp'
gmake[1]: *** No rule to make target '/cygdrive/c/Users/User/.CLion2019.3/system/cygwin_cmake/share/cmake-3.15.3/Modules/CMakeCXXCompilerABI.cpp', needed by 'CMakeFiles/cmTC_bb267.dir/CMakeCXXCompilerABI.cpp.o'.  Stop.
gmake[1]: Leaving directory 'C:/myfiles/MyClionProjects/Rabbit/cmake-build-debug/CMakeFiles/CMakeTmp'
makefile:121: recipe for target 'cmTC_bb267/fast' failed
gmake: *** [cmTC_bb267/fast] Error 2




