Detecting C compiler ABI info failed to compile with the following output:
Change Dir: /cygdrive/c/myfiles/MyClionProjects/untitled13/cmake-build-debug/CMakeFiles/CMakeTmp

Run Build Command(s):/cygdrive/c/Strawberry/c/bin/gmake.exe cmTC_93a51/fast && C:/Strawberry/c/bin/gmake -f CMakeFiles/cmTC_93a51.dir/build.make CMakeFiles/cmTC_93a51.dir/build
gmake[1]: Entering directory 'C:/myfiles/MyClionProjects/untitled13/cmake-build-debug/CMakeFiles/CMakeTmp'
gmake[1]: *** No rule to make target '/cygdrive/c/Users/User/.CLion2019.3/system/cygwin_cmake/share/cmake-3.15.3/Modules/CMakeCCompilerABI.c', needed by 'CMakeFiles/cmTC_93a51.dir/CMakeCCompilerABI.c.o'.  Stop.
gmake[1]: Leaving directory 'C:/myfiles/MyClionProjects/untitled13/cmake-build-debug/CMakeFiles/CMakeTmp'
makefile:121: recipe for target 'cmTC_93a51/fast' failed
gmake: *** [cmTC_93a51/fast] Error 2




Detecting CXX compiler ABI info failed to compile with the following output:
Change Dir: /cygdrive/c/myfiles/MyClionProjects/untitled13/cmake-build-debug/CMakeFiles/CMakeTmp

Run Build Command(s):/cygdrive/c/Strawberry/c/bin/gmake.exe cmTC_f8254/fast && C:/Strawberry/c/bin/gmake -f CMakeFiles/cmTC_f8254.dir/build.make CMakeFiles/cmTC_f8254.dir/build
gmake[1]: Entering directory 'C:/myfiles/MyClionProjects/untitled13/cmake-build-debug/CMakeFiles/CMakeTmp'
gmake[1]: *** No rule to make target '/cygdrive/c/Users/User/.CLion2019.3/system/cygwin_cmake/share/cmake-3.15.3/Modules/CMakeCXXCompilerABI.cpp', needed by 'CMakeFiles/cmTC_f8254.dir/CMakeCXXCompilerABI.cpp.o'.  Stop.
gmake[1]: Leaving directory 'C:/myfiles/MyClionProjects/untitled13/cmake-build-debug/CMakeFiles/CMakeTmp'
makefile:121: recipe for target 'cmTC_f8254/fast' failed
gmake: *** [cmTC_f8254/fast] Error 2




